<?xml version="1.0" encoding="UTF-8"?>
<!-- Generated by org.testng.reporters.JUnitXMLReporter -->
<testsuite ignored="0" hostname="DESKTOP-FDDB765" failures="1" tests="6" name="Test" time="5.24" errors="0" timestamp="2025-08-30T22:01:02 IST">
  <testcase classname="demo2.Test2" name="@AfterClass tearDown" time="0.003">
    <failure type="java.lang.NullPointerException" message="Cannot invoke &amp;quot;org.openqa.selenium.WebDriver.quit()&amp;quot; because &amp;quot;demo2.Test2.driver&amp;quot; is null">
      <![CDATA[java.lang.NullPointerException: Cannot invoke "org.openqa.selenium.WebDriver.quit()" because "demo2.Test2.driver" is null
at demo2.Test2.tearDown(Test2.java:29)
at java.base/java.util.ArrayList.forEach(ArrayList.java:1511)
... Removed 26 stack frames]]>
    </failure>
  </testcase> <!-- @AfterClass tearDown -->
  <testcase classname="demo1.Test2" name="f" time="0.013"/>
  <testcase classname="demo1.Test2" name="g" time="0.003"/>
  <testcase classname="demo1.DemoTest" name="fun1" time="3.95"/>
  <testcase classname="demo1.DemoTest" name="fun2" time="0.047"/>
  <testcase classname="demo1.DemoTest" name="fun3" time="0.599"/>
  <testcase classname="demo2.Test2" name="fun" time="0.004">
    <failure type="org.openqa.selenium.remote.NoSuchDriverException" message="Unable to obtain: chromedriver, error Illegal char &amp;lt;:&amp;gt; at index 5: https://github.com/Ajit7588/EclipsProject-Push-from-cmd/blob/branch7/configureDriver/chromedriver.exe
For documentation on this error, please visit: https://www.selenium.dev/documentation/webdriver/troubleshooting/errors/driver_location/
Build info: version: &amp;apos;4.25.0&amp;apos;, revision: &amp;apos;8a8aea2337&amp;apos;
System info: os.name: &amp;apos;Windows 10&amp;apos;, os.arch: &amp;apos;amd64&amp;apos;, os.version: &amp;apos;10.0&amp;apos;, java.version: &amp;apos;17.0.9&amp;apos;
Driver info: driver.version: ChromeDriver">
      <![CDATA[org.openqa.selenium.remote.NoSuchDriverException: Unable to obtain: chromedriver, error Illegal char <:> at index 5: https://github.com/Ajit7588/EclipsProject-Push-from-cmd/blob/branch7/configureDriver/chromedriver.exe
For documentation on this error, please visit: https://www.selenium.dev/documentation/webdriver/troubleshooting/errors/driver_location/
Build info: version: '4.25.0', revision: '8a8aea2337'
System info: os.name: 'Windows 10', os.arch: 'amd64', os.version: '10.0', java.version: '17.0.9'
Driver info: driver.version: ChromeDriver
at org.openqa.selenium.remote.service.DriverFinder.getBinaryPaths(DriverFinder.java:121)
at org.openqa.selenium.remote.service.DriverFinder.getDriverPath(DriverFinder.java:55)
at org.openqa.selenium.chrome.ChromeDriver.generateExecutor(ChromeDriver.java:99)
at org.openqa.selenium.chrome.ChromeDriver.<init>(ChromeDriver.java:88)
at org.openqa.selenium.chrome.ChromeDriver.<init>(ChromeDriver.java:83)
at org.openqa.selenium.chrome.ChromeDriver.<init>(ChromeDriver.java:51)
at demo2.Test2.fun(Test2.java:19)
at java.base/java.util.ArrayList.forEach(ArrayList.java:1511)
Caused by: java.nio.file.InvalidPathException: Illegal char <:> at index 5: https://github.com/Ajit7588/EclipsProject-Push-from-cmd/blob/branch7/configureDriver/chromedriver.exe
at java.base/sun.nio.fs.WindowsPathParser.normalize(WindowsPathParser.java:182)
at java.base/sun.nio.fs.WindowsPathParser.parse(WindowsPathParser.java:153)
at java.base/sun.nio.fs.WindowsPathParser.parse(WindowsPathParser.java:77)
at java.base/sun.nio.fs.WindowsPath.parse(WindowsPath.java:92)
at java.base/sun.nio.fs.WindowsFileSystem.getPath(WindowsFileSystem.java:232)
at java.base/java.nio.file.Path.of(Path.java:147)
at org.openqa.selenium.remote.service.DriverFinder.getBinaryPaths(DriverFinder.java:118)
... 34 more
... Removed 27 stack frames]]>
    </failure>
  </testcase> <!-- fun -->
</testsuite> <!-- Test -->
